\BOOKMARK [0][-]{chapter*.6}{Introdu\347\343o}{}
\BOOKMARK [0][-]{chapter.listoftables.1}{Ataques de dicion\341rio}{}
\BOOKMARK [1][-]{section.listoftables.1.1}{Ataques de dicion\341rio para SSH}{chapter.listoftables.1}
\BOOKMARK [1][-]{section.listoftables.1.2}{An\341lise de logs SSH}{chapter.listoftables.1}
\BOOKMARK [0][-]{chapter.listoftables.2}{Ferramenta Crickets' little leg}{}
\BOOKMARK [1][-]{section.listoftables.2.1}{Tecnologias envolvidas}{chapter.listoftables.2}
\BOOKMARK [2][-]{subsection.listoftables.2.1.1}{Servidor Web}{section.listoftables.2.1}
\BOOKMARK [2][-]{subsection.listoftables.2.1.2}{Linguagem de Scripting}{section.listoftables.2.1}
\BOOKMARK [2][-]{subsection.listoftables.2.1.3}{Banco de dados}{section.listoftables.2.1}
\BOOKMARK [2][-]{subsection.listoftables.2.1.4}{Framework de desenvolvimento Web}{section.listoftables.2.1}
\BOOKMARK [1][-]{section.listoftables.2.2}{Estrutura}{chapter.listoftables.2}
\BOOKMARK [1][-]{section.listoftables.2.3}{Caracter\355sticas}{chapter.listoftables.2}
\BOOKMARK [1][-]{section.listoftables.2.4}{Localiza\347\343o do atacante}{chapter.listoftables.2}
\BOOKMARK [0][-]{chapter.listoftables.3}{Engenharia empregada no Software}{}
\BOOKMARK [1][-]{section.listoftables.3.1}{Ciclo de vida}{chapter.listoftables.3}
\BOOKMARK [1][-]{section.listoftables.3.2}{Diagramas de Casos de Uso}{chapter.listoftables.3}
\BOOKMARK [1][-]{section.listoftables.3.3}{Diagrama de classes}{chapter.listoftables.3}
\BOOKMARK [1][-]{section.listoftables.3.4}{Modelo Entidade Relacionamento}{chapter.listoftables.3}
\BOOKMARK [0][-]{figure.listoftables.3.14}{Conclus\343o}{}
\BOOKMARK [0][-]{chapter*.8}{Refer\352ncias Bibliogr\341ficas}{}
\BOOKMARK [0][-]{chapter.annex.A}{Anexo A --- Exemplo de log filtrado}{}
